app/build/outputs/logs/manifest-merger-debug-report.txt
-- Merging decision tree log ---
manifest
ADDED from src\main\AndroidManifest.xml:2:1-93:12
	package
		ADDED from src\main\AndroidManifest.xml:3:5-27
		INJECTED from src\main\AndroidManifest.xml
		INJECTED from src\main\AndroidManifest.xml
	android:versionName
		INJECTED from src\main\AndroidManifest.xml
		INJECTED from src\main\AndroidManifest.xml
	xmlns:android
		ADDED from src\main\AndroidManifest.xml:2:11-69
	android:versionCode
		INJECTED from src\main\AndroidManifest.xml
		INJECTED from src\main\AndroidManifest.xml
uses-permission#android.permission.CAMERA
ADDED from src\main\AndroidManifest.xml:5:5-65
	android:name
		ADDED from src\main\AndroidManifest.xml:5:22-62
uses-permission#android.permission.VIBRATE
ADDED from src\main\AndroidManifest.xml:6:5-66
	android:name
		ADDED from src\main\AndroidManifest.xml:6:22-63
uses-permission#android.permission.FLASHLIGHT
ADDED from src\main\AndroidManifest.xml:7:5-69
	android:name
		ADDED from src\main\AndroidManifest.xml:7:22-66
uses-permission#android.permission.WRITE_EXTERNAL_STORAGE
ADDED from src\main\AndroidManifest.xml:8:5-81
	android:name
		ADDED from src\main\AndroidManifest.xml:8:22-78
uses-feature#android.hardware.camera
ADDED from src\main\AndroidManifest.xml:11:5-60
	android:name
		ADDED from src\main\AndroidManifest.xml:11:19-57
uses-feature#android.hardware.camera.autofocus
ADDED from src\main\AndroidManifest.xml:12:5-70
	android:name
		ADDED from src\main\AndroidManifest.xml:12:19-67
uses-permission#android.permission.INTERNET
ADDED from src\main\AndroidManifest.xml:14:5-83
	android:name
		ADDED from src\main\AndroidManifest.xml:14:22-64
uses-permission#android.permission.WAKE_LOCK
ADDED from src\main\AndroidManifest.xml:16:5-68
	android:name
		ADDED from src\main\AndroidManifest.xml:16:22-65
uses-permission#android.permission.WRITE_SETTINGS
ADDED from src\main\AndroidManifest.xml:18:5-73
	android:name
		ADDED from src\main\AndroidManifest.xml:18:22-70
uses-feature#android.hardware.sensor.accelerometer
ADDED from src\main\AndroidManifest.xml:19:5-74
	android:name
		ADDED from src\main\AndroidManifest.xml:19:19-71
uses-permission#android.permission.RECEIVE_BOOT_COMPLETED
ADDED from src\main\AndroidManifest.xml:20:5-80
	android:name
		ADDED from src\main\AndroidManifest.xml:20:22-78
uses-permission#android.permission.READ_EXTERNAL_STORAGE
ADDED from src\main\AndroidManifest.xml:22:5-79
	android:name
		ADDED from src\main\AndroidManifest.xml:22:22-77
uses-permission#android.permission.ACCESS_NETWORK_STATE
ADDED from src\main\AndroidManifest.xml:23:5-78
	android:name
		ADDED from src\main\AndroidManifest.xml:23:22-76
uses-permission#com.android.launcher.permission.READ_SETTINGS
ADDED from src\main\AndroidManifest.xml:25:5-85
	android:name
		ADDED from src\main\AndroidManifest.xml:25:22-82
uses-permission#android.permission.CHANGE_WIFI_STATE
ADDED from src\main\AndroidManifest.xml:27:5-76
	android:name
		ADDED from src\main\AndroidManifest.xml:27:22-73
uses-permission#android.permission.ACCESS_WIFI_STATE
ADDED from src\main\AndroidManifest.xml:28:5-76
	android:name
		ADDED from src\main\AndroidManifest.xml:28:22-73
uses-permission#android.permission.GET_TASKS
ADDED from src\main\AndroidManifest.xml:29:5-68
	android:name
		ADDED from src\main\AndroidManifest.xml:29:22-65
uses-permission#android.permission.ACCESS_COARSE_LOCATION
ADDED from src\main\AndroidManifest.xml:34:5-97
	android:name
		ADDED from src\main\AndroidManifest.xml:34:22-78
uses-permission#android.permission.ACCESS_FINE_LOCATION
ADDED from src\main\AndroidManifest.xml:36:5-95
	android:name
		ADDED from src\main\AndroidManifest.xml:36:22-76
uses-permission#android.permission.READ_PHONE_STATE
ADDED from src\main\AndroidManifest.xml:44:5-91
	android:name
		ADDED from src\main\AndroidManifest.xml:44:22-72
application
ADDED from src\main\AndroidManifest.xml:48:5-91:19
MERGED from [com.android.support:appcompat-v7:23.4.0] AndroidManifest.xml:25:5-20
MERGED from [com.android.support:animated-vector-drawable:23.4.0] AndroidManifest.xml:7:5-20
MERGED from [com.android.support:support-vector-drawable:23.4.0] AndroidManifest.xml:7:5-20
MERGED from [com.android.support:support-v4:23.4.0] AndroidManifest.xml:22:5-20
	android:label
		ADDED from src\main\AndroidManifest.xml:51:9-41
	android:supportsRtl
		ADDED from src\main\AndroidManifest.xml:52:9-35
	android:allowBackup
		ADDED from src\main\AndroidManifest.xml:49:9-35
	android:icon
		ADDED from src\main\AndroidManifest.xml:50:9-43
	android:theme
		ADDED from src\main\AndroidManifest.xml:53:9-40
meta-data#com.baidu.lbsapi.API_KEY
ADDED from src\main\AndroidManifest.xml:54:9-56:64
	android:value
		ADDED from src\main\AndroidManifest.xml:56:13-61
	android:name
		ADDED from src\main\AndroidManifest.xml:55:13-52
activity#com.shh.test.MainActivity
ADDED from src\main\AndroidManifest.xml:57:9-63:20
	android:name
		ADDED from src\main\AndroidManifest.xml:57:19-59
intent-filter#android.intent.action.MAIN+android.intent.category.LAUNCHER
ADDED from src\main\AndroidManifest.xml:58:13-62:29
action#android.intent.action.MAIN
ADDED from src\main\AndroidManifest.xml:59:17-69
	android:name
		ADDED from src\main\AndroidManifest.xml:59:25-66
category#android.intent.category.LAUNCHER
ADDED from src\main\AndroidManifest.xml:61:17-77
	android:name
		ADDED from src\main\AndroidManifest.xml:61:27-74
service#com.shh.test.myStep.service.StepService
ADDED from src\main\AndroidManifest.xml:68:9-82:19
	android:process
		ADDED from src\main\AndroidManifest.xml:70:13-53
	android:priority
		ADDED from src\main\AndroidManifest.xml:71:13-36
	android:name
		ADDED from src\main\AndroidManifest.xml:69:13-67
intent-filter#android.intent.action.ACTION_POWER_CONNECTED+android.intent.action.ACTION_POWER_DISCONNECTED+android.intent.action.ACTION_TIME_TICK+android.intent.action.BOOT_COMPLETED+android.intent.action.DATE_CHANGED+android.intent.action.MEDIA_MOUNTED+android.intent.action.USER_PRESENT
ADDED from src\main\AndroidManifest.xml:72:13-81:29
action#android.intent.action.BOOT_COMPLETED
ADDED from src\main\AndroidManifest.xml:74:17-78
	android:name
		ADDED from src\main\AndroidManifest.xml:74:25-76
action#android.intent.action.DATE_CHANGED
ADDED from src\main\AndroidManifest.xml:75:17-76
	android:name
		ADDED from src\main\AndroidManifest.xml:75:25-74
action#android.intent.action.MEDIA_MOUNTED
ADDED from src\main\AndroidManifest.xml:76:17-78
	android:name
		ADDED from src\main\AndroidManifest.xml:76:25-75
action#android.intent.action.USER_PRESENT
ADDED from src\main\AndroidManifest.xml:77:17-77
	android:name
		ADDED from src\main\AndroidManifest.xml:77:25-74
action#android.intent.action.ACTION_TIME_TICK
ADDED from src\main\AndroidManifest.xml:78:17-81
	android:name
		ADDED from src\main\AndroidManifest.xml:78:25-78
action#android.intent.action.ACTION_POWER_CONNECTED
ADDED from src\main\AndroidManifest.xml:79:17-87
	android:name
		ADDED from src\main\AndroidManifest.xml:79:25-84
action#android.intent.action.ACTION_POWER_DISCONNECTED
ADDED from src\main\AndroidManifest.xml:80:17-90
	android:name
		ADDED from src\main\AndroidManifest.xml:80:25-87
receiver#com.shh.test.myStep.service.BootCompleteReceiver
ADDED from src\main\AndroidManifest.xml:84:9-88:20
	android:name
		ADDED from src\main\AndroidManifest.xml:84:19-82
intent-filter#android.intent.action.BOOT_COMPLETED
ADDED from src\main\AndroidManifest.xml:85:13-87:29
uses-sdk
INJECTED from src\main\AndroidManifest.xml reason: use-sdk injection requested
MERGED from [com.android.support:appcompat-v7:23.4.0] AndroidManifest.xml:21:5-23:78
MERGED from [com.android.support:animated-vector-drawable:23.4.0] AndroidManifest.xml:5:5-44
MERGED from [com.android.support:support-vector-drawable:23.4.0] AndroidManifest.xml:5:5-43
MERGED from [com.android.support:support-v4:23.4.0] AndroidManifest.xml:20:5-43
	tools:overrideLibrary
		ADDED from [com.android.support:appcompat-v7:23.4.0] AndroidManifest.xml:23:9-75
	android:targetSdkVersion
		INJECTED from src\main\AndroidManifest.xml
		INJECTED from src\main\AndroidManifest.xml
	android:minSdkVersion
		INJECTED from src\main\AndroidManifest.xml
		INJECTED from src\main\AndroidManifest.xml